# JRE version: Java(TM) SE Runtime Environment (23.0.1+11) (build 23.0.1+11-39)
# Java VM: Java HotSpot(TM) 64-Bit Server VM (23.0.1+11-39, mixed mode, sharing, tiered, compressed oops, compressed class ptrs, g1 gc, windows-amd64)
GC Precious Log:
 CardTable entry size: 512
 Card Set container configuration: InlinePtr #cards 4 size 8 Array Of Cards #cards 16 size 48 Howl #buckets 8 coarsen threshold 3686 Howl Bitmap #cards 512 size 80 coarsen threshold 460 Card regions per heap region 1 cards per card region 4096
 CPUs: 12 total, 12 available
 Memory: 15693M
 Large Page Support: Disabled
 NUMA Support: Disabled
 Compressed Oops: Enabled (Zero based)
 Heap Region Size: 2M
 Heap Min Capacity: 8M
 Heap Initial Capacity: 246M
 Heap Max Capacity: 3924M
 Pre-touch: Disabled
 Parallel Workers: 10
 Concurrent Workers: 3
 Concurrent Refinement Workers: 10
 Periodic GC: Disabled
Heap:
 garbage-first heap   total reserved 4018176K, committed 184320K, used 127677K [0x000000070ac00000, 0x0000000800000000)
  region size 2048K, 14 young (28672K), 1 survivors (2048K)
 Metaspace       used 134244K, committed 135296K, reserved 1179648K
  class space    used 17212K, committed 17664K, reserved 1048576K
GC Heap History (20 events):
Event: 26.067 GC heap before
{Heap before GC invocations=23 (full 0):
 garbage-first heap   total reserved 4018176K, committed 133120K, used 114124K [0x000000070ac00000, 0x0000000800000000)
  region size 2048K, 24 young (49152K), 3 survivors (6144K)
 Metaspace       used 110473K, committed 111296K, reserved 1179648K
  class space    used 13763K, committed 14144K, reserved 1048576K
}
Event: 26.078 GC heap after
{Heap after GC invocations=24 (full 0):
 garbage-first heap   total reserved 4018176K, committed 133120K, used 77059K [0x000000070ac00000, 0x0000000800000000)
  region size 2048K, 3 young (6144K), 3 survivors (6144K)
 Metaspace       used 110473K, committed 111296K, reserved 1179648K
  class space    used 13763K, committed 14144K, reserved 1048576K
}
Event: 27.228 GC heap before
{Heap before GC invocations=24 (full 0):
 garbage-first heap   total reserved 4018176K, committed 133120K, used 118019K [0x000000070ac00000, 0x0000000800000000)
  region size 2048K, 23 young (47104K), 3 survivors (6144K)
 Metaspace       used 114340K, committed 115136K, reserved 1179648K
  class space    used 14376K, committed 14720K, reserved 1048576K
}
Event: 27.238 GC heap after
{Heap after GC invocations=25 (full 0):
 garbage-first heap   total reserved 4018176K, committed 133120K, used 81114K [0x000000070ac00000, 0x0000000800000000)
  region size 2048K, 3 young (6144K), 3 survivors (6144K)
 Metaspace       used 114340K, committed 115136K, reserved 1179648K
  class space    used 14376K, committed 14720K, reserved 1048576K
}
Event: 28.288 GC heap before
{Heap before GC invocations=26 (full 0):
 garbage-first heap   total reserved 4018176K, committed 141312K, used 115930K [0x000000070ac00000, 0x0000000800000000)
  region size 2048K, 20 young (40960K), 3 survivors (6144K)
 Metaspace       used 117691K, committed 118528K, reserved 1179648K
  class space    used 14981K, committed 15360K, reserved 1048576K
}
Event: 28.296 GC heap after
{Heap after GC invocations=27 (full 0):
 garbage-first heap   total reserved 4018176K, committed 141312K, used 83606K [0x000000070ac00000, 0x0000000800000000)
  region size 2048K, 2 young (4096K), 2 survivors (4096K)
 Metaspace       used 117691K, committed 118528K, reserved 1179648K
  class space    used 14981K, committed 15360K, reserved 1048576K
}
Event: 29.113 GC heap before
{Heap before GC invocations=27 (full 0):
 garbage-first heap   total reserved 4018176K, committed 141312K, used 126614K [0x000000070ac00000, 0x0000000800000000)
  region size 2048K, 23 young (47104K), 2 survivors (4096K)
 Metaspace       used 120811K, committed 121600K, reserved 1179648K
  class space    used 15531K, committed 15872K, reserved 1048576K
}
Event: 29.120 GC heap after
{Heap after GC invocations=28 (full 0):
 garbage-first heap   total reserved 4018176K, committed 141312K, used 85152K [0x000000070ac00000, 0x0000000800000000)
  region size 2048K, 3 young (6144K), 3 survivors (6144K)
 Metaspace       used 120811K, committed 121600K, reserved 1179648K
  class space    used 15531K, committed 15872K, reserved 1048576K
}
Event: 29.332 GC heap before
{Heap before GC invocations=28 (full 0):
 garbage-first heap   total reserved 4018176K, committed 141312K, used 124064K [0x000000070ac00000, 0x0000000800000000)
  region size 2048K, 22 young (45056K), 3 survivors (6144K)
 Metaspace       used 120826K, committed 121600K, reserved 1179648K
  class space    used 15533K, committed 15872K, reserved 1048576K
}
Event: 29.341 GC heap after
{Heap after GC invocations=29 (full 0):
 garbage-first heap   total reserved 4018176K, committed 141312K, used 91028K [0x000000070ac00000, 0x0000000800000000)
  region size 2048K, 3 young (6144K), 3 survivors (6144K)
 Metaspace       used 120826K, committed 121600K, reserved 1179648K
  class space    used 15533K, committed 15872K, reserved 1048576K
}
Event: 30.004 GC heap before
{Heap before GC invocations=30 (full 0):
 garbage-first heap   total reserved 4018176K, committed 153600K, used 123796K [0x000000070ac00000, 0x0000000800000000)
  region size 2048K, 19 young (38912K), 3 survivors (6144K)
 Metaspace       used 122587K, committed 123456K, reserved 1179648K
  class space    used 15806K, committed 16192K, reserved 1048576K
}
Event: 30.016 GC heap after
{Heap after GC invocations=31 (full 0):
 garbage-first heap   total reserved 4018176K, committed 153600K, used 94601K [0x000000070ac00000, 0x0000000800000000)
  region size 2048K, 2 young (4096K), 2 survivors (4096K)
 Metaspace       used 122587K, committed 123456K, reserved 1179648K
  class space    used 15806K, committed 16192K, reserved 1048576K
}
Event: 31.921 GC heap before
{Heap before GC invocations=31 (full 0):
 garbage-first heap   total reserved 4018176K, committed 153600K, used 135561K [0x000000070ac00000, 0x0000000800000000)
  region size 2048K, 22 young (45056K), 2 survivors (4096K)
 Metaspace       used 125520K, committed 126464K, reserved 1179648K
  class space    used 16254K, committed 16704K, reserved 1048576K
}
Event: 31.934 GC heap after
{Heap after GC invocations=32 (full 0):
 garbage-first heap   total reserved 4018176K, committed 153600K, used 96846K [0x000000070ac00000, 0x0000000800000000)
  region size 2048K, 3 young (6144K), 3 survivors (6144K)
 Metaspace       used 125520K, committed 126464K, reserved 1179648K
  class space    used 16254K, committed 16704K, reserved 1048576K
}
Event: 32.845 GC heap before
{Heap before GC invocations=32 (full 0):
 garbage-first heap   total reserved 4018176K, committed 153600K, used 135758K [0x000000070ac00000, 0x0000000800000000)
  region size 2048K, 22 young (45056K), 3 survivors (6144K)
 Metaspace       used 127991K, committed 128960K, reserved 1179648K
  class space    used 16584K, committed 17024K, reserved 1048576K
}
Event: 32.856 GC heap after
{Heap after GC invocations=33 (full 0):
 garbage-first heap   total reserved 4018176K, committed 184320K, used 101904K [0x000000070ac00000, 0x0000000800000000)
  region size 2048K, 3 young (6144K), 3 survivors (6144K)
 Metaspace       used 127991K, committed 128960K, reserved 1179648K
  class space    used 16584K, committed 17024K, reserved 1048576K
}
Event: 2716.099 GC heap before
{Heap before GC invocations=34 (full 0):
 garbage-first heap   total reserved 4018176K, committed 184320K, used 159248K [0x000000070ac00000, 0x0000000800000000)
  region size 2048K, 31 young (63488K), 3 survivors (6144K)
 Metaspace       used 133870K, committed 134848K, reserved 1179648K
  class space    used 17165K, committed 17600K, reserved 1048576K
}
Event: 2716.213 GC heap after
{Heap after GC invocations=35 (full 0):
 garbage-first heap   total reserved 4018176K, committed 184320K, used 104008K [0x000000070ac00000, 0x0000000800000000)
  region size 2048K, 3 young (6144K), 3 survivors (6144K)
 Metaspace       used 133870K, committed 134848K, reserved 1179648K
  class space    used 17165K, committed 17600K, reserved 1048576K
}
Event: 25465.387 GC heap before
{Heap before GC invocations=35 (full 0):
 garbage-first heap   total reserved 4018176K, committed 184320K, used 161352K [0x000000070ac00000, 0x0000000800000000)
  region size 2048K, 31 young (63488K), 3 survivors (6144K)
 Metaspace       used 134001K, committed 134976K, reserved 1179648K
  class space    used 17167K, committed 17600K, reserved 1048576K
}
Event: 25465.555 GC heap after
{Heap after GC invocations=36 (full 0):
 garbage-first heap   total reserved 4018176K, committed 184320K, used 103101K [0x000000070ac00000, 0x0000000800000000)
  region size 2048K, 1 young (2048K), 1 survivors (2048K)
 Metaspace       used 134001K, committed 134976K, reserved 1179648K
  class space    used 17167K, committed 17600K, reserved 1048576K
}

